<?xml version="1.0" encoding="UTF-8"?>
<!-- Generated by org.testng.reporters.JUnitReportReporter -->
<testsuite hostname="DESKTOP-HN0C78P" failures="0" tests="8" name="tests.ticket.UnableToRemoveCoreLink_CONVOY" time="696.567" errors="0" timestamp="7 Mar 2024 05:23:19 GMT">
  <testcase classname="tests.ticket.UnableToRemoveCoreLink_CONVOY" name="Test_003_verifyName" time="75.314"/>
  <testcase classname="tests.ticket.UnableToRemoveCoreLink_CONVOY" name="Test_005_gotoInventoryAdjustment" time="65.381"/>
  <testcase classname="tests.ticket.UnableToRemoveCoreLink_CONVOY" name="Test_001_gotoPartMaster" time="50.755"/>
  <testcase classname="tests.ticket.UnableToRemoveCoreLink_CONVOY" name="Test_006_verifyWarehouseName" time="90.797"/>
  <testcase classname="tests.ticket.UnableToRemoveCoreLink_CONVOY" name="Test_008_clickOnSignOut" time="41.271"/>
  <testcase classname="tests.ticket.UnableToRemoveCoreLink_CONVOY" name="Test_002_clickonPartNumber" time="113.179"/>
  <testcase classname="tests.ticket.UnableToRemoveCoreLink_CONVOY" name="Test_004_RequiredproductGroup" time="139.133"/>
  <testcase classname="tests.ticket.UnableToRemoveCoreLink_CONVOY" name="Test_007_gotoPartMaster" time="120.737"/>
</testsuite> <!-- tests.ticket.UnableToRemoveCoreLink_CONVOY -->
