<?xml version="1.0" encoding="UTF-8"?>
<!-- Generated by org.testng.reporters.JUnitReportReporter -->
<testsuite hostname="DESKTOP-HN0C78P" failures="0" tests="11" name="tests.Estimate.SubmitAnEstimateServiceManager" time="795.005" errors="0" timestamp="8 Mar 2024 06:05:27 GMT">
  <testcase classname="tests.Estimate.SubmitAnEstimateServiceManager" name="Test_004_verifyRequiredDate" time="46.497"/>
  <testcase classname="tests.Estimate.SubmitAnEstimateServiceManager" name="Test_009_clickonAddLabour" time="110.994"/>
  <testcase classname="tests.Estimate.SubmitAnEstimateServiceManager" name="Test_001_gotoServiceBoardScreen" time="50.248"/>
  <testcase classname="tests.Estimate.SubmitAnEstimateServiceManager" name="Test_002_clickOnEstimate" time="26.389"/>
  <testcase classname="tests.Estimate.SubmitAnEstimateServiceManager" name="Test_008_clickonAddLabour" time="164.670"/>
  <testcase classname="tests.Estimate.SubmitAnEstimateServiceManager" name="Test_003_RequiredLocation" time="54.536"/>
  <testcase classname="tests.Estimate.SubmitAnEstimateServiceManager" name="Test_007_verifyAddParts" time="50.182"/>
  <testcase classname="tests.Estimate.SubmitAnEstimateServiceManager" name="Test_006_verifyLabour" time="41.755"/>
  <testcase classname="tests.Estimate.SubmitAnEstimateServiceManager" name="Test_005_verifyPart" time="51.705"/>
  <testcase classname="tests.Estimate.SubmitAnEstimateServiceManager" name="Test_010_clickOnAddParts" time="100.402"/>
  <testcase classname="tests.Estimate.SubmitAnEstimateServiceManager" name="Test_011_storeLaborCostHeader" time="97.627"/>
</testsuite> <!-- tests.Estimate.SubmitAnEstimateServiceManager -->
