<?xml version="1.0" encoding="UTF-8"?>
<!-- Generated by org.testng.reporters.JUnitReportReporter -->
<testsuite hostname="DESKTOP-HN0C78P" failures="0" tests="10" name="tests.tech.TechWoLabor" time="1066.882" errors="0" timestamp="8 Mar 2024 11:47:49 GMT">
  <testcase classname="tests.tech.TechWoLabor" name="verifyElement_Click_UnitHistory" time="61.959"/>
  <testcase classname="tests.tech.TechWoLabor" name="clickOn_SelectButton" time="159.121"/>
  <testcase classname="tests.tech.TechWoLabor" name="again_Add_AeroDynamicDevice" time="164.205"/>
  <testcase classname="tests.tech.TechWoLabor" name="enter_AeroDynamic_Device_First" time="64.604"/>
  <testcase classname="tests.tech.TechWoLabor" name="clickOn_Labour_MoreWork_VMRSTab" time="113.100"/>
  <testcase classname="tests.tech.TechWoLabor" name="add_AeroDynamic_Delete_Labour" time="124.651"/>
  <testcase classname="tests.tech.TechWoLabor" name="enter_AeroDynamic_ClickIMG" time="64.697"/>
  <testcase classname="tests.tech.TechWoLabor" name="gotoTechRo" time="106.531"/>
  <testcase classname="tests.tech.TechWoLabor" name="enter_Unit_Number" time="56.779"/>
  <testcase classname="tests.tech.TechWoLabor" name="enter_AccessoriesGroup_Img" time="151.235"/>
</testsuite> <!-- tests.tech.TechWoLabor -->
