<?xml version="1.0" encoding="UTF-8"?>
<!-- Generated by org.testng.reporters.JUnitReportReporter -->
<testsuite hostname="DESKTOP-HN0C78P" failures="0" tests="5" name="tests.techRo.ServiceManagerInvoice" time="146.760" errors="0" timestamp="6 Mar 2024 18:32:52 GMT">
  <testcase classname="tests.techRo.ServiceManagerInvoice" name="Test_001_gotoCompleteRo" time="44.129"/>
  <testcase classname="tests.techRo.ServiceManagerInvoice" name="Test_005_enterYesterdayDate" time="62.801"/>
  <testcase classname="tests.techRo.ServiceManagerInvoice" name="Test_002_verifyElement" time="4.278"/>
  <testcase classname="tests.techRo.ServiceManagerInvoice" name="Test_003_inputRoNumber" time="12.806"/>
  <testcase classname="tests.techRo.ServiceManagerInvoice" name="Test_004_clickReferenceNumber" time="22.746"/>
</testsuite> <!-- tests.techRo.ServiceManagerInvoice -->
