<?xml version="1.0" encoding="UTF-8"?>
<!-- Generated by org.testng.reporters.JUnitReportReporter -->
<testsuite hostname="DESKTOP-HN0C78P" failures="0" tests="14" name="tests.tech.TechWoParts" time="846.964" errors="0" timestamp="8 Mar 2024 13:11:22 GMT">
  <testcase classname="tests.tech.TechWoParts" name="verifyPartPannel_ClickOnIssuePart" time="33.756"/>
  <testcase classname="tests.tech.TechWoParts" name="verifyPartadded_deletePart" time="64.300"/>
  <testcase classname="tests.tech.TechWoParts" name="ClickOnMoisesOlivas_Select_OkButton1" time="0.133"/>
  <testcase classname="tests.tech.TechWoParts" name="verifyPartadded_" time="0.138"/>
  <testcase classname="tests.tech.TechWoParts" name="clickOnNonCatalogPart_enterValue" time="113.895"/>
  <testcase classname="tests.tech.TechWoParts" name="ClickOnMoisesOlivas_Select_OkButton" time="0.174"/>
  <testcase classname="tests.tech.TechWoParts" name="clickOnCoreReturn_deleteCorePart" time="0.121"/>
  <testcase classname="tests.tech.TechWoParts" name="EnterPartNumber_clickIssuePart" time="51.911"/>
  <testcase classname="tests.tech.TechWoParts" name="clickOnUnitReady_Ok_signoutbutton" time="97.889"/>
  <testcase classname="tests.tech.TechWoParts" name="verifyUnitNumber_ClickOnParts" time="255.440"/>
  <testcase classname="tests.tech.TechWoParts" name="gotoTechRo" time="73.327"/>
  <testcase classname="tests.tech.TechWoParts" name="clickOnLabour_clickOnVMRS" time="0.132"/>
  <testcase classname="tests.tech.TechWoParts" name="verifyElement_EnterPartNumber" time="50.603"/>
  <testcase classname="tests.tech.TechWoParts" name="ClickOnSummary_pause_selectbutton" time="105.145"/>
</testsuite> <!-- tests.tech.TechWoParts -->
